[Sun Apr 19 10:48:43.954 2015] 0.007 sec 0.007 sec [ext2/1/rel 0 (0,20)] [*] SEA-LEVEL RISE
[Sun Apr 19 10:48:43.954 2015] 0.007 sec 0.007 sec [ext2/1/rel 0 (0,20)] [*] SEA LEVEL RISE
[Sun Apr 19 10:48:43.954 2015] 0.007 sec 0.007 sec [ext2/1/rel 0 (0,20)] [*] GLOBAL WARMING
[Sun Apr 19 10:48:43.954 2015] 0.007 sec 0.007 sec [ext2/1/rel 0 (0,20)] [*] SOLAR
[Sun Apr 19 10:48:43.954 2015] 0.007 sec 0.007 sec [ext2/1/rel 0 (0,20)] [*] CLIMATE CHANGE
[Sun Apr 19 10:48:43.954 2015] 0.007 sec 0.007 sec [ext2/1/rel 1 (0,20)] [*] COAL
[Sun Apr 19 10:48:43.954 2015] 0.007 sec 0.007 sec [ext2/1/rel 6 (0,20)] [*] DUKE
[Sun Apr 19 10:48:43.954 2015] 0.007 sec 0.007 sec [ext2/1/rel 0 (0,20)] [*] ABORTION
[Sun Apr 19 10:48:43.954 2015] 0.007 sec 0.007 sec [ext2/1/rel 0 (0,20)] [*] ASH
[Sun Apr 19 10:48:43.954 2015] 0.007 sec 0.007 sec [ext2/1/rel 0 (0,20)] [*] DAN RIVER
[Sun Apr 19 10:48:43.954 2015] 0.007 sec 0.007 sec [ext2/1/rel 1 (0,20)] [*] RENEWABLE
[Sun Apr 19 10:48:43.954 2015] 0.007 sec 0.007 sec [ext2/1/rel 0 (0,20)] [*] HOG
[Sun Apr 19 10:48:43.954 2015] 0.007 sec 0.007 sec [ext2/1/rel 0 (0,20)] [*] FRACKING
[Sun Apr 19 10:48:43.954 2015] 0.007 sec 0.007 sec [ext2/1/rel 0 (0,20)] [*] DRILLING
[Sun Apr 19 10:48:43.954 2015] 0.007 sec 0.007 sec [ext2/1/rel 4 (0,20)] [*] NATURAL GAS
[Sun Apr 19 10:48:43.954 2015] 0.007 sec 0.007 sec [ext2/1/rel 0 (0,20)] [*] VELOCIRAPTOR
[Sun Apr 19 10:48:43.954 2015] 0.007 sec 0.007 sec [ext2/1/rel 1 (0,20)] [*] CARBON
[Sun Apr 19 10:48:43.954 2015] 0.007 sec 0.007 sec [ext2/1/rel 0 (0,20)] [*] HOUND
[Sun Apr 19 10:48:43.954 2015] 0.007 sec 0.007 sec [ext2/1/rel 1 (0,20)] [*] REESE
[Sun Apr 19 10:48:43.954 2015] 0.007 sec 0.007 sec [ext2/1/rel 0 (0,20)] [*] CHAPEL HILL
[Sun Apr 19 10:48:43.954 2015] 0.007 sec 0.007 sec [ext2/1/rel 0 (0,20)] [*] CAPITOL HOUND
[Sun Apr 19 10:48:43.954 2015] 0.007 sec 0.007 sec [ext2/1/rel 1 (0,20)] [*] REESE 
[Sun Apr 19 10:48:43.954 2015] 0.007 sec 0.007 sec [ext2/1/rel 0 (0,20)] [*] REESE NEWS
[Sun Apr 19 10:48:43.954 2015] 0.007 sec 0.007 sec [ext2/1/rel 0 (0,20)] [*] REESE NEWS LAB
[Sun Apr 19 10:48:43.954 2015] 0.007 sec 0.007 sec [ext2/1/rel 5 (0,20)] [*] UNIVERSITY
[Sun Apr 19 10:48:43.954 2015] 0.007 sec 0.007 sec [ext2/1/rel 0 (0,20)] [*] JOURNALISM
[Sun Apr 19 10:48:43.954 2015] 0.007 sec 0.007 sec [ext2/1/rel 0 (0,20)] [*] WRAL
[Sun Apr 19 10:48:43.954 2015] 0.007 sec 0.007 sec [ext2/1/rel 0 (0,20)] [*] COAL ASH
[Sun Apr 19 10:48:43.954 2015] 0.007 sec 0.007 sec [ext2/1/rel 1 (0,20)] [*] INCENTIVES
[Sun Apr 19 10:48:43.954 2015] 0.007 sec 0.007 sec [ext2/1/rel 0 (0,20)] [*] PUBLIC PRIVATE PARTNERSHIP
[Sun Apr 19 10:48:43.954 2015] 0.007 sec 0.007 sec [ext2/1/rel 0 (0,20)] [*] TEACHER PAY
[Sun Apr 19 10:48:43.954 2015] 0.007 sec 0.007 sec [ext2/1/rel 0 (0,20)] [*] TENURE
[Sun Apr 19 10:48:43.955 2015] 0.007 sec 0.007 sec [ext2/1/rel 0 (0,20)] [*] OPPORTUNITY SCHOLARSHIPS
[Sun Apr 19 10:48:43.955 2015] 0.007 sec 0.007 sec [ext2/1/rel 1 (0,20)] [*] TAX REFORM
[Sun Apr 19 10:48:43.955 2015] 0.007 sec 0.007 sec [ext2/1/rel 1 (0,20)] [*] PROPERTY TAX
[Sun Apr 19 10:48:43.955 2015] 0.007 sec 0.007 sec [ext2/1/rel 0 (0,20)] [*] FILM
[Sun Apr 19 10:48:43.955 2015] 0.007 sec 0.007 sec [ext2/1/rel 0 (0,20)] [*] READ TO ACHIEVE
[Sun Apr 19 10:48:43.955 2015] 0.007 sec 0.007 sec [ext2/1/rel 0 (0,20)] [*] COMMON CORE
[Sun Apr 19 10:48:43.955 2015] 0.007 sec 0.007 sec [ext2/1/rel 32 (0,20)] [*] EDUCATION
[Sun Apr 19 10:48:43.955 2015] 0.007 sec 0.007 sec [ext2/1/rel 10 (0,20)] [*] TEACHERS
[Sun Apr 19 10:48:43.955 2015] 0.007 sec 0.007 sec [ext2/1/rel 3 (0,20)] [*] TEACHING
[Sun Apr 19 10:48:43.955 2015] 0.007 sec 0.007 sec [ext2/1/rel 21 (0,20)] [*] VOTING 
[Sun Apr 19 10:48:43.955 2015] 0.007 sec 0.007 sec [ext2/1/rel 1 (0,20)] [*] UNC
[Sun Apr 19 10:48:43.955 2015] 0.007 sec 0.007 sec [ext2/1/rel 0 (0,20)] [*] UNIVERSITY OF NORTH CAROLINA AT CHAPEL HILL
[Sun Apr 19 10:48:43.955 2015] 0.007 sec 0.007 sec [ext2/1/rel 2 (0,20)] [*] CURRICULUM 
[Sun Apr 19 10:48:43.955 2015] 0.007 sec 0.007 sec [ext2/1/rel 6 (0,20)] [*] GASTON
[Sun Apr 19 10:48:43.955 2015] 0.007 sec 0.007 sec [ext2/1/rel 0 (0,20)] [*] GASTONIA
[Sun Apr 19 10:48:43.955 2015] 0.007 sec 0.007 sec [ext2/1/rel 0 (0,20)] [*] BELMONT
[Sun Apr 19 10:48:43.955 2015] 0.007 sec 0.007 sec [ext2/1/rel 0 (0,20)] [*] MOUNT HOLLY
[Sun Apr 19 10:48:43.955 2015] 0.007 sec 0.007 sec [ext2/1/rel 0 (0,20)] [*] CHERRYVILLE
[Sun Apr 19 10:48:43.955 2015] 0.007 sec 0.007 sec [ext2/1/rel 39 (0,20)] [*] GENERAL ASSEMBLY
[Sun Apr 19 10:48:43.955 2015] 0.007 sec 0.007 sec [ext2/1/rel 0 (0,20)] [*] PAT HURLEY
[Sun Apr 19 10:48:43.955 2015] 0.007 sec 0.007 sec [ext2/1/rel 0 (0,20)] [*] ALLEN MCNEILL
[Sun Apr 19 10:48:43.955 2015] 0.007 sec 0.007 sec [ext2/1/rel 1 (0,20)] [*] JERRY TILLMAN
[Sun Apr 19 10:48:43.955 2015] 0.007 sec 0.007 sec [ext2/1/rel 1 (0,20)] [*] PUBLIC RECORDS
[Sun Apr 19 10:48:43.955 2015] 0.007 sec 0.007 sec [ext2/1/rel 0 (0,20)] [*] OPEN MEETINGS
[Sun Apr 19 10:48:43.955 2015] 0.007 sec 0.007 sec [ext2/1/rel 2 (0,20)] [*] TRANSPARENCY
[Sun Apr 19 10:48:43.955 2015] 0.007 sec 0.007 sec [ext2/1/rel 0 (0,20)] [*] 132
[Sun Apr 19 10:48:43.955 2015] 0.007 sec 0.007 sec [ext2/1/rel 1 (0,20)] [*] 143
[Sun Apr 19 10:48:43.955 2015] 0.007 sec 0.007 sec [ext2/1/rel 0 (0,20)] [*] CHAPTER 132
[Sun Apr 19 10:48:43.955 2015] 0.007 sec 0.007 sec [ext2/1/rel 1 (0,20)] [*] HIGHER EDUCATION
[Sun Apr 19 10:48:43.955 2015] 0.007 sec 0.007 sec [ext2/1/rel 0 (0,20)] [*] PUBLIC NOTICES
[Sun Apr 19 10:48:43.955 2015] 0.007 sec 0.007 sec [ext2/1/rel 4 (0,20)] [*] "GUILFORD COUNTY"
[Sun Apr 19 10:48:43.955 2015] 0.007 sec 0.007 sec [ext2/1/rel 6 (0,20)] [*] GUILFORD
[Sun Apr 19 10:48:43.955 2015] 0.007 sec 0.007 sec [ext2/1/rel 2 (0,20)] [*] GREENSBORO
[Sun Apr 19 10:48:43.955 2015] 0.007 sec 0.007 sec [ext2/1/rel 5 (0,20)] [*] ROCKINGHAM
[Sun Apr 19 10:48:43.955 2015] 0.007 sec 0.007 sec [ext2/1/rel 0 (0,20)] [*] PAT MCCRORY
[Sun Apr 19 10:48:43.955 2015] 0.007 sec 0.007 sec [ext2/1/rel 0 (0,20)] [*] SAME SEX MARRIAGE
[Sun Apr 19 10:48:43.955 2015] 0.007 sec 0.007 sec [ext2/1/rel 1 (0,20)] [*] GOVERNOR MCCRORY
[Sun Apr 19 10:48:43.955 2015] 0.007 sec 0.007 sec [ext2/1/rel 0 (0,20)] [*] CHARLOTTE AIRPORT
[Sun Apr 19 10:48:43.955 2015] 0.007 sec 0.007 sec [ext2/1/rel 0 (0,20)] [*] CHARLOTTE-DOUGLAS AIRPORT
[Sun Apr 19 10:48:43.955 2015] 0.007 sec 0.007 sec [ext2/1/rel 0 (0,20)] [*] MINIMUM WAGE
[Sun Apr 19 10:48:43.955 2015] 0.007 sec 0.007 sec [ext2/1/rel 3 (0,20)] [*] PRAYER
[Sun Apr 19 10:48:43.955 2015] 0.007 sec 0.007 sec [ext2/1/rel 5 (0,20)] [*] CHARLOTTE
[Sun Apr 19 10:48:43.955 2015] 0.007 sec 0.007 sec [ext2/1/rel 0 (0,20)] [*] CASINO
[Sun Apr 19 10:48:43.955 2015] 0.007 sec 0.007 sec [ext2/1/rel 1 (0,20)] [*] VACCINATION
[Sun Apr 19 10:48:43.955 2015] 0.007 sec 0.007 sec [ext2/1/rel 0 (0,20)] [*] VACCINE
[Sun Apr 19 10:48:43.955 2015] 0.007 sec 0.007 sec [ext2/1/rel 2 (0,20)] [*] DOMESTIC VIOLENCE
[Sun Apr 19 10:48:43.955 2015] 0.007 sec 0.007 sec [ext2/1/rel 0 (0,20)] [*] POLICE VIDEO
[Sun Apr 19 10:48:43.955 2015] 0.007 sec 0.007 sec [ext2/1/rel 0 (0,20)] [*] CARRBORO
[Sun Apr 19 10:48:43.955 2015] 0.007 sec 0.007 sec [ext2/1/rel 1 (0,20)] [*] AUDIO
[Sun Apr 19 10:48:43.955 2015] 0.007 sec 0.007 sec [ext2/1/rel 4 (0,20)] [*] BRUNSWICK
[Sun Apr 19 10:48:43.955 2015] 0.007 sec 0.007 sec [ext2/1/rel 2 (0,20)] [*] BRUNSWICK COUNTY
[Sun Apr 19 10:48:43.955 2015] 0.007 sec 0.007 sec [ext2/1/rel 0 (0,20)] [*] CAROLINA SHORES
[Sun Apr 19 10:48:43.955 2015] 0.007 sec 0.007 sec [ext2/1/rel 0 (0,20)] [*] CALABASH
[Sun Apr 19 10:48:43.955 2015] 0.007 sec 0.007 sec [ext2/1/rel 2 (0,20)] [*] SUNSET BEACH
[Sun Apr 19 10:48:43.955 2015] 0.007 sec 0.007 sec [ext2/1/rel 0 (0,20)] [*] OCEAN ISLE BEACH
[Sun Apr 19 10:48:43.955 2015] 0.007 sec 0.007 sec [ext2/1/rel 0 (0,20)] [*] MAD INLET
[Sun Apr 19 10:48:43.955 2015] 0.007 sec 0.007 sec [ext2/1/rel 0 (0,20)] [*] LOCKWOOD FOLLY
[Sun Apr 19 10:48:43.955 2015] 0.007 sec 0.007 sec [ext2/1/rel 0 (0,20)] [*] SHALLOTTE
[Sun Apr 19 10:48:43.955 2015] 0.007 sec 0.007 sec [ext2/1/rel 0 (0,20)] [*] BOLIVIA
[Sun Apr 19 10:48:43.955 2015] 0.007 sec 0.007 sec [ext2/1/rel 3 (0,20)] [*] SUPPLY
[Sun Apr 19 10:48:43.955 2015] 0.007 sec 0.007 sec [ext2/1/rel 1 (0,20)] [*] LELAND
[Sun Apr 19 10:48:43.955 2015] 0.007 sec 0.007 sec [ext2/1/rel 0 (0,20)] [*] NAVASSA
[Sun Apr 19 10:48:43.955 2015] 0.007 sec 0.007 sec [ext2/1/rel 0 (0,20)] [*] BELVILLE
[Sun Apr 19 10:48:43.955 2015] 0.007 sec 0.007 sec [ext2/1/rel 0 (0,20)] [*] BOILING SPRING LAKES
[Sun Apr 19 10:48:43.955 2015] 0.007 sec 0.007 sec [ext2/1/rel 0 (0,20)] [*] SOUTHPORT
[Sun Apr 19 10:48:43.955 2015] 0.007 sec 0.007 sec [ext2/1/rel 0 (0,20)] [*] OAK ISLAND
[Sun Apr 19 10:48:43.955 2015] 0.007 sec 0.007 sec [ext2/1/rel 0 (0,20)] [*] ST. JAMES
[Sun Apr 19 10:48:43.955 2015] 0.007 sec 0.007 sec [ext2/1/rel 0 (0,20)] [*] SANDY CREEK
[Sun Apr 19 10:48:43.955 2015] 0.007 sec 0.007 sec [ext2/1/rel 0 (0,20)] [*] VARNAMTOWN
[Sun Apr 19 10:48:43.955 2015] 0.007 sec 0.007 sec [ext2/1/rel 0 (0,20)] [*] CIVIETOWN
[Sun Apr 19 10:48:43.955 2015] 0.007 sec 0.007 sec [ext2/1/rel 0 (0,20)] [*] GRISSETTOWN
[Sun Apr 19 10:48:43.955 2015] 0.007 sec 0.007 sec [ext2/1/rel 0 (0,20)] [*] TOWN CREEK
[Sun Apr 19 10:48:43.955 2015] 0.007 sec 0.007 sec [ext2/1/rel 0 (0,20)] [*] WINNABOW
[Sun Apr 19 10:48:43.955 2015] 0.007 sec 0.007 sec [ext2/1/rel 0 (0,20)] [*] SENATOR BILL RABON
[Sun Apr 19 10:48:43.955 2015] 0.007 sec 0.007 sec [ext2/1/rel 0 (0,20)] [*] REPRESENTATIVE FRANK ILER
[Sun Apr 19 10:48:43.955 2015] 0.007 sec 0.007 sec [ext2/1/rel 0 (0,20)] [*] REPRESENTATIVE SUSI HAMILTON
[Sun Apr 19 17:58:07.328 2015] 0.016 sec 0.016 sec [ext2/1/rel 4 (0,20)] [*] healthcare
